<?xml version="1.0" encoding="UTF-8"?>
<testsuite xmlns:xsi="http://www.w3.org/2001/XMLSchema-instance" xsi:noNamespaceSchemaLocation="https://maven.apache.org/surefire/maven-surefire-plugin/xsd/surefire-test-report-3.0.xsd" version="3.0" name="med.voll.api.domain.medico.MedicoRepositoryTest" time="4.883" tests="2" errors="0" skipped="0" failures="0">
  <properties>
[...]
</properties>
  <testcase name="escolherMedicoAleatorioLivreNaDataCenario1" classname="med.voll.api.domain.medico.MedicoRepositoryTest" time="3.099">
    <system-out><![CDATA[2024-02-09T17:15:23.269-03:00  INFO 208418 --- [           main] t.c.s.AnnotationConfigContextLoaderUtils : Could not detect default configuration classes for test class [med.voll.api.domain.medico.MedicoRepositoryTest]: MedicoRepositoryTest does not declare any static, non-private, non-final, nested classes annotated with @Configuration.
2024-02-09T17:15:23.289-03:00  INFO 208418 --- [           main] .b.t.c.SpringBootTestContextBootstrapper : Found @SpringBootConfiguration med.voll.api.ApiApplication for test class med.voll.api.domain.medico.MedicoRepositoryTest
2024-02-09T17:15:23.294-03:00  INFO 208418 --- [           main] o.s.b.d.r.RestartApplicationListener     : Restart disabled due to context in which it is running

  .   ____          _            __ _ _
 /\\ / ___'_ __ _ _(_)_ __  __ _ \ \ \ \
( ( )\___ | '_ | '_| | '_ \/ _` | \ \ \ \
 \\/  ___)| |_)| | | | | || (_| |  ) ) ) )
  '  |____| .__|_| |_|_| |_\__, | / / / /
 =========|_|==============|___/=/_/_/_/
 :: Spring Boot ::       (v3.3.0-SNAPSHOT)

2024-02-09T17:15:23.331-03:00  INFO 208418 --- [           main] m.v.a.d.medico.MedicoRepositoryTest      : Starting MedicoRepositoryTest using Java 17.0.9 with PID 208418 (started by araju in /home/araju/Área de Trabalho/Projetos/Alura/SpringBoot_API)
2024-02-09T17:15:23.332-03:00  INFO 208418 --- [           main] m.v.a.d.medico.MedicoRepositoryTest      : The following 1 profile is active: "test"
2024-02-09T17:15:23.440-03:00  INFO 208418 --- [           main] .s.d.r.c.RepositoryConfigurationDelegate : Bootstrapping Spring Data JPA repositories in DEFAULT mode.
2024-02-09T17:15:23.450-03:00  INFO 208418 --- [           main] .s.d.r.c.RepositoryConfigurationDelegate : Finished Spring Data repository scanning in 9 ms. Found 4 JPA repository interfaces.
2024-02-09T17:15:23.506-03:00  INFO 208418 --- [           main] com.zaxxer.hikari.HikariDataSource       : HikariPool-3 - Starting...
2024-02-09T17:15:23.768-03:00  INFO 208418 --- [           main] com.zaxxer.hikari.pool.HikariPool        : HikariPool-3 - Added connection com.mysql.cj.jdbc.ConnectionImpl@46f31564
2024-02-09T17:15:23.768-03:00  INFO 208418 --- [           main] com.zaxxer.hikari.HikariDataSource       : HikariPool-3 - Start completed.
2024-02-09T17:15:23.777-03:00  INFO 208418 --- [           main] org.flywaydb.core.FlywayExecutor         : Database: jdbc:mysql://localhost/vollmed_api_test (MySQL 8.0)
2024-02-09T17:15:24.237-03:00  INFO 208418 --- [           main] o.f.core.internal.command.DbValidate     : Successfully validated 8 migrations (execution time 00:00.452s)
2024-02-09T17:15:24.254-03:00  INFO 208418 --- [           main] o.f.core.internal.command.DbMigrate      : Current version of schema `vollmed_api_test`: 8
2024-02-09T17:15:24.255-03:00  INFO 208418 --- [           main] o.f.core.internal.command.DbMigrate      : Schema `vollmed_api_test` is up to date. No migration necessary.
2024-02-09T17:15:24.268-03:00  INFO 208418 --- [           main] o.hibernate.jpa.internal.util.LogHelper  : HHH000204: Processing PersistenceUnitInfo [name: default]
2024-02-09T17:15:24.270-03:00  INFO 208418 --- [           main] o.h.c.internal.RegionFactoryInitiator    : HHH000026: Second-level cache disabled
2024-02-09T17:15:24.272-03:00  INFO 208418 --- [           main] o.s.o.j.p.SpringPersistenceUnitInfo      : No LoadTimeWeaver setup: ignoring JPA class transformer
2024-02-09T17:15:24.343-03:00  INFO 208418 --- [           main] o.h.e.t.j.p.i.JtaPlatformInitiator       : HHH000489: No JTA platform available (set 'hibernate.transaction.jta.platform' to enable JTA platform integration)
2024-02-09T17:15:24.343-03:00  INFO 208418 --- [           main] j.LocalContainerEntityManagerFactoryBean : Initialized JPA EntityManagerFactory for persistence unit 'default'
2024-02-09T17:15:24.457-03:00  INFO 208418 --- [           main] m.v.a.d.medico.MedicoRepositoryTest      : Started MedicoRepositoryTest in 1.163 seconds (process running for 13.919)
Hibernate: 
    insert 
    into
        medicos
        (ativo, crm, email, bairro, cep, cidade, complemento, logradouro, numero, uf, especialidade, nome, telefone) 
    values
        (?, ?, ?, ?, ?, ?, ?, ?, ?, ?, ?, ?, ?)
Hibernate: 
    insert 
    into
        pacientes
        (ativo, cpf, email, bairro, cep, cidade, complemento, logradouro, numero, uf, nome, telefone) 
    values
        (?, ?, ?, ?, ?, ?, ?, ?, ?, ?, ?, ?)
Hibernate: 
    insert 
    into
        consultas
        (data, medico_id, motivo_cancelamento, paciente_id) 
    values
        (?, ?, ?, ?)
Hibernate: 
    select
        m1_0.id,
        m1_0.ativo,
        m1_0.crm,
        m1_0.email,
        m1_0.bairro,
        m1_0.cep,
        m1_0.cidade,
        m1_0.complemento,
        m1_0.logradouro,
        m1_0.numero,
        m1_0.uf,
        m1_0.especialidade,
        m1_0.nome,
        m1_0.telefone 
    from
        medicos m1_0 
    where
        m1_0.ativo=1 
        and m1_0.especialidade=? 
        and m1_0.id not in (select
            c1_0.medico_id 
        from
            consultas c1_0 
        where
            c1_0.data=? 
            and c1_0.motivo_cancelamento is null) 
    order by
        rand() 
    limit
        1
]]></system-out>
  </testcase>
  <testcase name="escolherMedicoAleatorioLivreNaDataCenario2" classname="med.voll.api.domain.medico.MedicoRepositoryTest" time="0.582">
    <system-out><![CDATA[Hibernate: 
    insert 
    into
        medicos
        (ativo, crm, email, bairro, cep, cidade, complemento, logradouro, numero, uf, especialidade, nome, telefone) 
    values
        (?, ?, ?, ?, ?, ?, ?, ?, ?, ?, ?, ?, ?)
Hibernate: 
    select
        m1_0.id,
        m1_0.ativo,
        m1_0.crm,
        m1_0.email,
        m1_0.bairro,
        m1_0.cep,
        m1_0.cidade,
        m1_0.complemento,
        m1_0.logradouro,
        m1_0.numero,
        m1_0.uf,
        m1_0.especialidade,
        m1_0.nome,
        m1_0.telefone 
    from
        medicos m1_0 
    where
        m1_0.ativo=1 
        and m1_0.especialidade=? 
        and m1_0.id not in (select
            c1_0.medico_id 
        from
            consultas c1_0 
        where
            c1_0.data=? 
            and c1_0.motivo_cancelamento is null) 
    order by
        rand() 
    limit
        1
]]></system-out>
  </testcase>
</testsuite>