<?xml version="1.0" encoding="UTF-8"?>
<testsuite xmlns:xsi="http://www.w3.org/2001/XMLSchema-instance" xsi:noNamespaceSchemaLocation="https://maven.apache.org/surefire/maven-surefire-plugin/xsd/surefire-test-report-3.0.xsd" version="3.0" name="med.voll.api.domain.ConsultaControllerTest" time="10.465" tests="2" errors="0" skipped="0" failures="0">
  <properties>
[...]
</properties>
  <testcase name="agendar_cenario1" classname="med.voll.api.domain.ConsultaControllerTest" time="0.303">
    <system-out><![CDATA[17:15:11.608 [main] INFO org.springframework.test.context.support.AnnotationConfigContextLoaderUtils -- Could not detect default configuration classes for test class [med.voll.api.domain.ConsultaControllerTest]: ConsultaControllerTest does not declare any static, non-private, non-final, nested classes annotated with @Configuration.
17:15:11.768 [main] INFO org.springframework.boot.test.context.SpringBootTestContextBootstrapper -- Found @SpringBootConfiguration med.voll.api.ApiApplication for test class med.voll.api.domain.ConsultaControllerTest
17:15:12.040 [main] INFO org.springframework.boot.devtools.restart.RestartApplicationListener -- Restart disabled due to context in which it is running

  .   ____          _            __ _ _
 /\\ / ___'_ __ _ _(_)_ __  __ _ \ \ \ \
( ( )\___ | '_ | '_| | '_ \/ _` | \ \ \ \
 \\/  ___)| |_)| | | | | || (_| |  ) ) ) )
  '  |____| .__|_| |_|_| |_\__, | / / / /
 =========|_|==============|___/=/_/_/_/
 :: Spring Boot ::       (v3.3.0-SNAPSHOT)

2024-02-09T17:15:12.364-03:00  INFO 208418 --- [           main] m.v.api.domain.ConsultaControllerTest    : Starting ConsultaControllerTest using Java 17.0.9 with PID 208418 (started by araju in /home/araju/Área de Trabalho/Projetos/Alura/SpringBoot_API)
2024-02-09T17:15:12.366-03:00  INFO 208418 --- [           main] m.v.api.domain.ConsultaControllerTest    : No active profile set, falling back to 1 default profile: "default"
2024-02-09T17:15:13.703-03:00  INFO 208418 --- [           main] .s.d.r.c.RepositoryConfigurationDelegate : Bootstrapping Spring Data JPA repositories in DEFAULT mode.
2024-02-09T17:15:13.762-03:00  INFO 208418 --- [           main] .s.d.r.c.RepositoryConfigurationDelegate : Finished Spring Data repository scanning in 52 ms. Found 4 JPA repository interfaces.
2024-02-09T17:15:15.364-03:00  INFO 208418 --- [           main] com.zaxxer.hikari.HikariDataSource       : HikariPool-1 - Starting...
2024-02-09T17:15:16.104-03:00  INFO 208418 --- [           main] com.zaxxer.hikari.pool.HikariPool        : HikariPool-1 - Added connection com.mysql.cj.jdbc.ConnectionImpl@23bd2f6e
2024-02-09T17:15:16.106-03:00  INFO 208418 --- [           main] com.zaxxer.hikari.HikariDataSource       : HikariPool-1 - Start completed.
2024-02-09T17:15:16.328-03:00  INFO 208418 --- [           main] o.f.c.internal.license.VersionPrinter    : Flyway Community Edition 9.22.3 by Redgate
2024-02-09T17:15:16.328-03:00  INFO 208418 --- [           main] o.f.c.internal.license.VersionPrinter    : See release notes here: https://rd.gt/416ObMi
2024-02-09T17:15:16.328-03:00  INFO 208418 --- [           main] o.f.c.internal.license.VersionPrinter    : 
2024-02-09T17:15:16.343-03:00  INFO 208418 --- [           main] org.flywaydb.core.FlywayExecutor         : Database: jdbc:mysql://localhost/vollmed_api (MySQL 8.0)
2024-02-09T17:15:16.475-03:00  INFO 208418 --- [           main] o.f.core.internal.command.DbValidate     : Successfully validated 8 migrations (execution time 00:00.028s)
2024-02-09T17:15:16.500-03:00  INFO 208418 --- [           main] o.f.core.internal.command.DbMigrate      : Current version of schema `vollmed_api`: 8
2024-02-09T17:15:16.504-03:00  INFO 208418 --- [           main] o.f.core.internal.command.DbMigrate      : Schema `vollmed_api` is up to date. No migration necessary.
2024-02-09T17:15:16.803-03:00  INFO 208418 --- [           main] o.hibernate.jpa.internal.util.LogHelper  : HHH000204: Processing PersistenceUnitInfo [name: default]
2024-02-09T17:15:16.948-03:00  INFO 208418 --- [           main] org.hibernate.Version                    : HHH000412: Hibernate ORM core version 6.4.1.Final
2024-02-09T17:15:16.987-03:00  INFO 208418 --- [           main] o.h.c.internal.RegionFactoryInitiator    : HHH000026: Second-level cache disabled
2024-02-09T17:15:17.146-03:00  INFO 208418 --- [           main] o.s.o.j.p.SpringPersistenceUnitInfo      : No LoadTimeWeaver setup: ignoring JPA class transformer
2024-02-09T17:15:18.021-03:00  INFO 208418 --- [           main] o.h.e.t.j.p.i.JtaPlatformInitiator       : HHH000489: No JTA platform available (set 'hibernate.transaction.jta.platform' to enable JTA platform integration)
2024-02-09T17:15:18.024-03:00  INFO 208418 --- [           main] j.LocalContainerEntityManagerFactoryBean : Initialized JPA EntityManagerFactory for persistence unit 'default'
2024-02-09T17:15:18.526-03:00  INFO 208418 --- [           main] o.s.d.j.r.query.QueryEnhancerFactory     : Hibernate is in classpath; If applicable, HQL parser will be used.
2024-02-09T17:15:19.221-03:00  WARN 208418 --- [           main] JpaBaseConfiguration$JpaWebConfiguration : spring.jpa.open-in-view is enabled by default. Therefore, database queries may be performed during view rendering. Explicitly configure spring.jpa.open-in-view to disable this warning
2024-02-09T17:15:19.786-03:00  INFO 208418 --- [           main] o.s.s.web.DefaultSecurityFilterChain     : Will secure any request with [org.springframework.security.web.session.DisableEncodeUrlFilter@1f410c8, org.springframework.security.web.context.request.async.WebAsyncManagerIntegrationFilter@18ad543b, org.springframework.security.web.context.SecurityContextHolderFilter@140a2add, org.springframework.security.web.header.HeaderWriterFilter@3095a6e0, org.springframework.web.filter.CorsFilter@3f30c9cf, org.springframework.security.web.authentication.logout.LogoutFilter@747d1e03, med.voll.api.infra.security.SecurityFilter@4b98c80c, org.springframework.security.web.savedrequest.RequestCacheAwareFilter@263fc5f3, org.springframework.security.web.servletapi.SecurityContextHolderAwareRequestFilter@6d1101eb, org.springframework.security.web.authentication.AnonymousAuthenticationFilter@496203da, org.springframework.security.web.session.SessionManagementFilter@5ca29f17, org.springframework.security.web.access.ExceptionTranslationFilter@4b56971a, org.springframework.security.web.access.intercept.AuthorizationFilter@47dc0cc5]
2024-02-09T17:15:20.931-03:00  INFO 208418 --- [           main] o.s.b.t.m.w.SpringBootMockServletContext : Initializing Spring TestDispatcherServlet ''
2024-02-09T17:15:20.931-03:00  INFO 208418 --- [           main] o.s.t.web.servlet.TestDispatcherServlet  : Initializing Servlet ''
2024-02-09T17:15:20.932-03:00  INFO 208418 --- [           main] o.s.t.web.servlet.TestDispatcherServlet  : Completed initialization in 1 ms
2024-02-09T17:15:20.964-03:00  INFO 208418 --- [           main] m.v.api.domain.ConsultaControllerTest    : Started ConsultaControllerTest in 8.953 seconds (process running for 10.425)
2024-02-09T17:15:21.199-03:00  WARN 208418 --- [           main] .w.s.m.s.DefaultHandlerExceptionResolver : Resolved [org.springframework.http.converter.HttpMessageNotReadableException: Required request body is missing: public org.springframework.http.ResponseEntity med.voll.api.controller.ConsultaController.agendar(med.voll.api.domain.consulta.DadosAgendamentoConsulta)]
]]></system-out>
  </testcase>
  <testcase name="agendar_cenario2" classname="med.voll.api.domain.ConsultaControllerTest" time="0.278"/>
</testsuite>